2025-05-25 03:08:07,917 - video_downloader - INFO - Application initialized
2025-05-25 03:08:14,839 - video_downloader - INFO - Starting download from URL: https://asmrfree.com/soph-stardust-asmr-mommy-milkers-patreon-leak/
2025-05-25 03:08:14,852 - video_downloader - INFO - Fetching webpage: https://asmrfree.com/soph-stardust-asmr-mommy-milkers-patreon-leak/
2025-05-25 03:08:14,861 - urllib3.connectionpool - DEBUG - Starting new HTTPS connection (1): asmrfree.com:443
2025-05-25 03:08:15,734 - urllib3.connectionpool - DEBUG - https://asmrfree.com:443 "GET /soph-stardust-asmr-mommy-milkers-patreon-leak/ HTTP/1.1" 200 None
2025-05-25 03:08:16,048 - video_downloader - INFO - Page status code: 200
2025-05-25 03:08:16,087 - video_downloader - INFO - Found player URL: https://asmrfreeplayer.fun/?v=DdNXht0lZ
2025-05-25 03:08:16,089 - urllib3.connectionpool - DEBUG - Starting new HTTPS connection (1): asmrfreeplayer.fun:443
2025-05-25 03:08:16,192 - urllib3.connectionpool - DEBUG - https://asmrfreeplayer.fun:443 "GET /?v=DdNXht0lZ HTTP/1.1" 200 None
2025-05-25 03:08:16,215 - video_downloader - INFO - Found post ID: 8590
2025-05-25 03:08:16,565 - urllib3.connectionpool - DEBUG - https://asmrfree.com:443 "POST /wp-admin/admin-ajax.php HTTP/1.1" 400 None
2025-05-25 03:08:16,936 - urllib3.connectionpool - DEBUG - https://asmrfree.com:443 "POST /wp-admin/admin-ajax.php HTTP/1.1" 400 None
2025-05-25 03:08:17,332 - urllib3.connectionpool - DEBUG - https://asmrfree.com:443 "POST /wp-admin/admin-ajax.php HTTP/1.1" 400 None
2025-05-25 03:08:17,344 - video_downloader - ERROR - Error during extraction: No video URL found in the webpage
Traceback (most recent call last):
  File "d:\Video Fetcher\downloader\video_extractor.py", line 214, in extract_video_info
    raise ValueError("No video URL found in the webpage")
ValueError: No video URL found in the webpage
2025-05-25 03:08:17,344 - video_downloader - ERROR - Download failed: Failed to extract video info: No video URL found in the webpage
Traceback (most recent call last):
  File "d:\Video Fetcher\downloader\video_extractor.py", line 214, in extract_video_info
    raise ValueError("No video URL found in the webpage")
ValueError: No video URL found in the webpage

During handling of the above exception, another exception occurred:

Traceback (most recent call last):
  File "d:\Video Fetcher\gui\main_window.py", line 186, in download_video
    video_info = self.video_extractor.extract_video_info(url)
  File "d:\Video Fetcher\downloader\video_extractor.py", line 218, in extract_video_info
    raise Exception(f"Failed to extract video info: {str(e)}")
Exception: Failed to extract video info: No video URL found in the webpage

