2025-05-25 02:45:39,476 - video_downloader - INFO - Application initialized
2025-05-25 02:45:48,132 - video_downloader - INFO - Starting download from URL: https://asmrfree.com/soph-stardust-asmr-mommy-milkers-patreon-leak/
2025-05-25 02:45:48,140 - video_downloader - INFO - Fetching webpage: https://asmrfree.com/soph-stardust-asmr-mommy-milkers-patreon-leak/
2025-05-25 02:45:48,150 - urllib3.connectionpool - DEBUG - Starting new HTTPS connection (1): asmrfree.com:443
2025-05-25 02:45:48,947 - urllib3.connectionpool - DEBUG - https://asmrfree.com:443 "GET /soph-stardust-asmr-mommy-milkers-patreon-leak/ HTTP/1.1" 200 None
2025-05-25 02:45:49,314 - video_downloader - INFO - Page status code: 200
2025-05-25 02:45:49,343 - video_downloader - INFO - Found 1 iframes
2025-05-25 02:45:49,343 - video_downloader - INFO - Found iframe src: https://asmrfreeplayer.fun/?v=DdNXht0lZ
2025-05-25 02:45:49,343 - video_downloader - INFO - Found player URL: https://asmrfreeplayer.fun/?v=DdNXht0lZ
2025-05-25 02:45:49,347 - urllib3.connectionpool - DEBUG - Starting new HTTPS connection (1): asmrfreeplayer.fun:443
2025-05-25 02:45:50,232 - urllib3.connectionpool - DEBUG - https://asmrfreeplayer.fun:443 "GET /?v=DdNXht0lZ HTTP/1.1" 200 None
2025-05-25 02:45:50,232 - video_downloader - INFO - Player page status: 200
2025-05-25 02:45:50,239 - video_downloader - INFO - Extracted video ID from player URL: DdNXht0lZ
2025-05-25 02:45:51,011 - urllib3.connectionpool - DEBUG - https://asmrfreeplayer.fun:443 "POST /api/source/DdNXht0lZ HTTP/1.1" 401 0
2025-05-25 02:45:51,011 - video_downloader - ERROR - Error during extraction: VideoExtractor._try_all_extraction_methods() missing 1 required positional argument: 'webpage_url'
Traceback (most recent call last):
  File "d:\Video Fetcher\downloader\video_extractor.py", line 97, in extract_video_info
    video_url = self._try_all_extraction_methods(html)
TypeError: VideoExtractor._try_all_extraction_methods() missing 1 required positional argument: 'webpage_url'
2025-05-25 02:45:51,011 - video_downloader - ERROR - Download failed: Failed to extract video info: VideoExtractor._try_all_extraction_methods() missing 1 required positional argument: 'webpage_url'
Traceback (most recent call last):
  File "d:\Video Fetcher\downloader\video_extractor.py", line 97, in extract_video_info
    video_url = self._try_all_extraction_methods(html)
TypeError: VideoExtractor._try_all_extraction_methods() missing 1 required positional argument: 'webpage_url'

During handling of the above exception, another exception occurred:

Traceback (most recent call last):
  File "d:\Video Fetcher\gui\main_window.py", line 186, in download_video
    video_info = self.video_extractor.extract_video_info(url)
  File "d:\Video Fetcher\downloader\video_extractor.py", line 110, in extract_video_info
    raise Exception(f"Failed to extract video info: {str(e)}")
Exception: Failed to extract video info: VideoExtractor._try_all_extraction_methods() missing 1 required positional argument: 'webpage_url'

